
DATE:Thu Sep 13 2012 15:57:25
ERROR:  
WARNING: ERROR will be skipped - UNKNOWN or Invalid config option.


DATE:Thu Sep 13 2012 15:57:25
ERROR:  
WARNING: ERROR will be skipped - UNKNOWN or Invalid config option.


DATE:Thu Sep 13 2012 15:57:25
ERROR:  
WARNING: ERROR will be skipped - UNKNOWN or Invalid config option.


DATE:Thu Sep 13 2012 15:57:25
ERROR:  
WARNING: ERROR will be skipped - UNKNOWN or Invalid config option.


DATE:Thu Sep 13 2012 15:57:25
ERROR:  
WARNING: ERROR will be skipped - UNKNOWN or Invalid config option.


DATE:Thu Sep 13 2012 15:57:25
ERROR:  
WARNING: ERROR will be skipped - UNKNOWN or Invalid config option.


DATE:Thu Sep 13 2012 15:57:25
ERROR:  
WARNING: ERROR will be skipped - UNKNOWN or Invalid config option.


DATE:Thu Sep 13 2012 15:57:25
ERROR:  
WARNING: ERROR will be skipped - UNKNOWN or Invalid config option.


DATE:Thu Sep 13 2012 15:57:25
ERROR:  
WARNING: ERROR will be skipped - UNKNOWN or Invalid config option.


DATE:Thu Sep 13 2012 15:57:25
ERROR:  
WARNING: ERROR will be skipped - UNKNOWN or Invalid config option.


DATE:Thu Sep 13 2012 15:57:25
ERROR:  
WARNING: ERROR will be skipped - UNKNOWN or Invalid config option.


DATE:Thu Sep 13 2012 15:57:25
ERROR:  
WARNING: ERROR will be skipped - UNKNOWN or Invalid config option.


DATE:Thu Sep 13 2012 15:58:47
ERROR:  ProParameterInit [-4]


DATE:Thu Sep 13 2012 15:58:47
ERROR:  Could not initialize model rules [-1]

