
===========================================================================
Model "OPEN_CASCADE_STEP_TRANSL-700667" exists. Name "PRT0001" used instead.
===========================================================================

===========================================================================
Model "OPEN_CASCADE_STEP_TRANSL-718319" exists. Name "PRT0002" used instead.
===========================================================================

===========================================================================
Model "OPEN_CASCADE_STEP_TRANSL-883970" exists. Name "PRT0003" used instead.
===========================================================================

===========================================================================
Model "OPEN_CASCADE_STEP_TRANSL-991367" exists. Name "PRT0004" used instead.
===========================================================================

===========================================================================
Model "OPEN_CASCADE_STEP_TRANSL-997274" exists. Name "ASM0001" used instead.
===========================================================================

===========================================================================
Model "OPEN_CASCADE_STEP_TRANS-1142030" exists. Name "PRT0005" used instead.
===========================================================================

===========================================================================
Model "OPEN_CASCADE_STEP_TRANS-1171110" exists. Name "PRT0006" used instead.
===========================================================================

===========================================================================
Model "OPEN_CASCADE_STEP_TRANS-1214237" exists. Name "PRT0007" used instead.
===========================================================================

===========================================================================
Model "SFP_SW3DPS-TQFN-20_TQFN-20_BODY" exists. Name "PRT0008" used instead.
===========================================================================
