
===========================================================================
Model "Board" exists. Name "PRT0001" used instead.
===========================================================================

===========================================================================
Model "U9" exists. Name "ASM0002" used instead.
===========================================================================

===========================================================================
Model "U7" exists. Name "ASM0003" used instead.
===========================================================================

===========================================================================
Model "U5" exists. Name "ASM0004" used instead.
===========================================================================

===========================================================================
Model "U4" exists. Name "ASM0005" used instead.
===========================================================================

===========================================================================
Model "TP4" exists. Name "ASM0006" used instead.
===========================================================================

===========================================================================
Model "TP3" exists. Name "ASM0007" used instead.
===========================================================================

===========================================================================
Model "TP2" exists. Name "ASM0008" used instead.
===========================================================================

===========================================================================
Model "TP1" exists. Name "ASM0009" used instead.
===========================================================================

===========================================================================
Model "TSM-107-01-X-DV-BASIC" exists. Name "PRT0002" used instead.
===========================================================================

===========================================================================
Model "P6" exists. Name "ASM0010" used instead.
===========================================================================

===========================================================================
Model "U2" exists. Name "ASM0011" used instead.
===========================================================================

===========================================================================
Model "U1" exists. Name "ASM0012" used instead.
===========================================================================

===========================================================================
Model "P1" exists. Name "ASM0013" used instead.
===========================================================================

===========================================================================
Model "P4" exists. Name "ASM0014" used instead.
===========================================================================

===========================================================================
Model "P3" exists. Name "ASM0015" used instead.
===========================================================================

===========================================================================
Model "P2" exists. Name "ASM0016" used instead.
===========================================================================

===========================================================================
Model "QFSS-064-4_25-X-D-DP-A-BASIC" exists. Name "PRT0003" used instead.
===========================================================================

===========================================================================
Model "J1" exists. Name "ASM0017" used instead.
===========================================================================

===========================================================================
Model "TP5" exists. Name "ASM0018" used instead.
===========================================================================

===========================================================================
Model "U10" exists. Name "ASM0019" used instead.
===========================================================================

===========================================================================
Model "PCB" exists. Name "ASM0001" used instead.
===========================================================================
